<?xml version="1.0" encoding="UTF-8"?>
<testng-results ignored="0" total="1" passed="1" failed="0" skipped="0">
  <reporter-output>
  </reporter-output>
  <suite started-at="2024-12-05T17:34:15 IST" name="Default suite" finished-at="2024-12-05T17:34:37 IST" duration-ms="21636">
    <groups>
    </groups>
    <test started-at="2024-12-05T17:34:15 IST" name="Default test" finished-at="2024-12-05T17:34:37 IST" duration-ms="21636">
      <class name="Automation.Dhru.Class_1">
        <test-method signature="test()[pri:0, instance:Automation.Dhru.Class_1@1aafa419]" started-at="2024-12-05T17:34:15 IST" name="test" finished-at="2024-12-05T17:34:37 IST" duration-ms="21573" status="PASS">
          <reporter-output>
          </reporter-output>
        </test-method> <!-- test -->
      </class> <!-- Automation.Dhru.Class_1 -->
    </test> <!-- Default test -->
  </suite> <!-- Default suite -->
</testng-results>
